Arguments: 
  C:\Program Files\nodejs\node.exe C:\Users\rafit\AppData\Roaming\npm\node_modules\yarn\bin\yarn.js add express, mongoose, jsonwebtoken, cors, cross-env, dotenv, bcrypt

PATH: 
  C:\Users\rafit\bin;C:\Program Files\Git\mingw64\bin;C:\Program Files\Git\usr\local\bin;C:\Program Files\Git\usr\bin;C:\Program Files\Git\usr\bin;C:\Program Files\Git\mingw64\bin;C:\Program Files\Git\usr\bin;C:\Users\rafit\bin;C:\Program Files\Common Files\Oracle\Java\javapath;C:\Python39\Scripts;C:\Python39;C:\Windows\system32;C:\Windows;C:\Windows\System32\Wbem;C:\Windows\System32\WindowsPowerShell\v1.0;C:\Windows\System32\OpenSSH;C:\Program Files (x86)\NVIDIA Corporation\PhysX\Common;C:\windows\system32;C:\windows;C:\windows\System32\Wbem;C:\windows\System32\WindowsPowerShell\v1.0;C:\windows\System32\OpenSSH;C:\ProgramData\chocolatey\bin;C:\Program Files\NVIDIA Corporation\NVIDIA NvDLISR;C:\MinGW\bin;C:\Program Files\nodejs;C:\WINDOWS\system32;C:\WINDOWS;C:\WINDOWS\System32\Wbem;C:\WINDOWS\System32\WindowsPowerShell\v1.0;C:\WINDOWS\System32\OpenSSH;C:\Program Files\Git\cmd;C:\Users\rafit\AppData\Local\Programs\Python\Python39\Scripts;C:\Users\rafit\AppData\Local\Programs\Python\Python39;C:\Users\rafit\AppData\Local\Microsoft\WindowsApps;C:\Users\rafit\AppData\Local\Programs\Microsoft VS Code\bin;C:\Program Files\MongoDB\Server\4.4\bin;C:\Program Files\heroku\bin;C:\Program Files\JetBrains\PyCharm Community Edition 2021.2.2\bin;C:\Users\rafit\AppData\Local\Programs\Hyper\resources\bin;C:\Users\rafit\AppData\Roaming\npm;C:\Program Files\Git\usr\bin\vendor_perl;C:\Program Files\Git\usr\bin\core_perl

Yarn version: 
  1.22.17

Node version: 
  16.13.1

Platform: 
  win32 x64

Trace: 
  Error: https://registry.yarnpkg.com/express,: Not found
      at Request.params.callback [as _callback] (C:\Users\rafit\AppData\Roaming\npm\node_modules\yarn\lib\cli.js:67029:18)
      at Request.self.callback (C:\Users\rafit\AppData\Roaming\npm\node_modules\yarn\lib\cli.js:140883:22)
      at Request.emit (node:events:390:28)
      at Request.<anonymous> (C:\Users\rafit\AppData\Roaming\npm\node_modules\yarn\lib\cli.js:141855:10)
      at Request.emit (node:events:390:28)
      at IncomingMessage.<anonymous> (C:\Users\rafit\AppData\Roaming\npm\node_modules\yarn\lib\cli.js:141777:12)
      at Object.onceWrapper (node:events:509:28)
      at IncomingMessage.emit (node:events:402:35)
      at endReadableNT (node:internal/streams/readable:1343:12)
      at processTicksAndRejections (node:internal/process/task_queues:83:21)

npm manifest: 
  {
    "name": "api-challenge",
    "version": "1.0.0",
    "description": "REST API for frontend mentor challenge with ComidaDePerro, CqrlosArch and exequielLR95",
    "main": "index.js",
    "repository": "https://github.com/MrKrrot/api-challenge",
    "author": "MrKrrot, CqrlosArch, ComidaDePerro, exequielLR95",
    "license": "MIT"
  }

yarn manifest: 
  No manifest

Lockfile: 
  No lockfile
